::1 - - [17/Jun/2016:02:15:14 +0000] "GET /dist/css/bootstrap.min.css HTTP/1.1" 404 39 "http://localhost:5455/" "Mozilla/5.0 (X11; Linux i686) AppleWebKit/537.36 (KHTML, like Gecko) Chrome/47.0.2526.111 Safari/537.36"
::1 - - [17/Jun/2016:02:15:14 +0000] "GET /dist/js/bootstrap.min.js HTTP/1.1" 404 37 "http://localhost:5455/" "Mozilla/5.0 (X11; Linux i686) AppleWebKit/537.36 (KHTML, like Gecko) Chrome/47.0.2526.111 Safari/537.36"
::1 - - [17/Jun/2016:02:18:14 +0000] "GET / HTTP/1.1" 200 16 "-" "Mozilla/5.0 (X11; Linux i686) AppleWebKit/537.36 (KHTML, like Gecko) Chrome/47.0.2526.111 Safari/537.36"
::1 - - [17/Jun/2016:02:18:14 +0000] "GET /favicon.ico HTTP/1.1" 404 24 "http://localhost:5455/" "Mozilla/5.0 (X11; Linux i686) AppleWebKit/537.36 (KHTML, like Gecko) Chrome/47.0.2526.111 Safari/537.36"
::1 - - [17/Jun/2016:02:25:09 +0000] "GET / HTTP/1.1" 500 1137 "-" "Mozilla/5.0 (X11; Linux i686) AppleWebKit/537.36 (KHTML, like Gecko) Chrome/47.0.2526.111 Safari/537.36"
::1 - - [17/Jun/2016:02:25:25 +0000] "GET / HTTP/1.1" 500 1137 "-" "Mozilla/5.0 (X11; Linux i686) AppleWebKit/537.36 (KHTML, like Gecko) Chrome/47.0.2526.111 Safari/537.36"
::1 - - [17/Jun/2016:02:25:33 +0000] "GET / HTTP/1.1" 200 4286 "-" "Mozilla/5.0 (X11; Linux i686) AppleWebKit/537.36 (KHTML, like Gecko) Chrome/47.0.2526.111 Safari/537.36"
::1 - - [17/Jun/2016:02:28:41 +0000] "GET / HTTP/1.1" 500 1152 "-" "Mozilla/5.0 (X11; Linux i686) AppleWebKit/537.36 (KHTML, like Gecko) Chrome/47.0.2526.111 Safari/537.36"
::1 - - [17/Jun/2016:02:31:44 +0000] "GET / HTTP/1.1" 200 4286 "-" "Mozilla/5.0 (X11; Linux i686) AppleWebKit/537.36 (KHTML, like Gecko) Chrome/47.0.2526.111 Safari/537.36"
::1 - - [17/Jun/2016:02:31:45 +0000] "GET /dist/css/bootstrap.min.css HTTP/1.1" 404 39 "http://localhost:5455/" "Mozilla/5.0 (X11; Linux i686) AppleWebKit/537.36 (KHTML, like Gecko) Chrome/47.0.2526.111 Safari/537.36"
::1 - - [17/Jun/2016:02:31:45 +0000] "GET /dist/js/bootstrap.min.js HTTP/1.1" 404 37 "http://localhost:5455/" "Mozilla/5.0 (X11; Linux i686) AppleWebKit/537.36 (KHTML, like Gecko) Chrome/47.0.2526.111 Safari/537.36"
::1 - - [17/Jun/2016:02:32:43 +0000] "GET / HTTP/1.1" 304 - "-" "Mozilla/5.0 (X11; Linux i686) AppleWebKit/537.36 (KHTML, like Gecko) Chrome/47.0.2526.111 Safari/537.36"
::1 - - [17/Jun/2016:02:32:43 +0000] "GET /dist/css/bootstrap.min.css HTTP/1.1" 404 39 "http://localhost:5455/" "Mozilla/5.0 (X11; Linux i686) AppleWebKit/537.36 (KHTML, like Gecko) Chrome/47.0.2526.111 Safari/537.36"
::1 - - [17/Jun/2016:02:32:43 +0000] "GET /dist/js/bootstrap.min.js HTTP/1.1" 404 37 "http://localhost:5455/" "Mozilla/5.0 (X11; Linux i686) AppleWebKit/537.36 (KHTML, like Gecko) Chrome/47.0.2526.111 Safari/537.36"
::1 - - [17/Jun/2016:02:32:46 +0000] "GET /about HTTP/1.1" 200 4372 "-" "Mozilla/5.0 (X11; Linux i686) AppleWebKit/537.36 (KHTML, like Gecko) Chrome/47.0.2526.111 Safari/537.36"
::1 - - [17/Jun/2016:02:32:47 +0000] "GET /dist/css/bootstrap.min.css HTTP/1.1" 404 39 "http://localhost:5455/about" "Mozilla/5.0 (X11; Linux i686) AppleWebKit/537.36 (KHTML, like Gecko) Chrome/47.0.2526.111 Safari/537.36"
::1 - - [17/Jun/2016:02:32:47 +0000] "GET /src/css/navbar-static-top.css HTTP/1.1" 404 42 "http://localhost:5455/about" "Mozilla/5.0 (X11; Linux i686) AppleWebKit/537.36 (KHTML, like Gecko) Chrome/47.0.2526.111 Safari/537.36"
::1 - - [17/Jun/2016:02:32:47 +0000] "GET /dist/js/bootstrap.min.js HTTP/1.1" 404 37 "http://localhost:5455/about" "Mozilla/5.0 (X11; Linux i686) AppleWebKit/537.36 (KHTML, like Gecko) Chrome/47.0.2526.111 Safari/537.36"
::1 - - [17/Jun/2016:02:32:47 +0000] "GET /src/files/favicon.ico HTTP/1.1" 404 34 "http://localhost:5455/about" "Mozilla/5.0 (X11; Linux i686) AppleWebKit/537.36 (KHTML, like Gecko) Chrome/47.0.2526.111 Safari/537.36"
::1 - - [17/Jun/2016:02:43:36 +0000] "GET / HTTP/1.1" 200 4292 "-" "Mozilla/5.0 (X11; Linux x86_64; rv:46.0) Gecko/20100101 Firefox/46.0"
::1 - - [17/Jun/2016:02:43:36 +0000] "GET /dist/css/bootstrap.min.css HTTP/1.1" 404 39 "http://localhost:5455/" "Mozilla/5.0 (X11; Linux x86_64; rv:46.0) Gecko/20100101 Firefox/46.0"
::1 - - [17/Jun/2016:02:43:36 +0000] "GET /dist/js/bootstrap.min.js HTTP/1.1" 404 37 "http://localhost:5455/" "Mozilla/5.0 (X11; Linux x86_64; rv:46.0) Gecko/20100101 Firefox/46.0"
::1 - - [17/Jun/2016:02:44:46 +0000] "GET /dist/js/jquery.min.js HTTP/1.1" 404 34 "http://localhost:5455/" "Mozilla/5.0 (X11; Linux x86_64; rv:46.0) Gecko/20100101 Firefox/46.0"
::1 - - [17/Jun/2016:02:44:46 +0000] "GET /dist/js/bootstrap.min.js HTTP/1.1" 404 37 "http://localhost:5455/" "Mozilla/5.0 (X11; Linux x86_64; rv:46.0) Gecko/20100101 Firefox/46.0"
::1 - - [17/Jun/2016:02:45:13 +0000] "GET / HTTP/1.1" 304 - "-" "Mozilla/5.0 (X11; Linux x86_64; rv:46.0) Gecko/20100101 Firefox/46.0"
::1 - - [17/Jun/2016:02:45:13 +0000] "GET /dist/css/bootstrap.min.css HTTP/1.1" 404 39 "http://localhost:5455/" "Mozilla/5.0 (X11; Linux x86_64; rv:46.0) Gecko/20100101 Firefox/46.0"
::1 - - [17/Jun/2016:02:45:13 +0000] "GET /dist/js/bootstrap.min.js HTTP/1.1" 404 37 "http://localhost:5455/" "Mozilla/5.0 (X11; Linux x86_64; rv:46.0) Gecko/20100101 Firefox/46.0"
::1 - - [17/Jun/2016:02:45:13 +0000] "GET /dist/js/bootstrap.min.js HTTP/1.1" 404 37 "http://localhost:5455/" "Mozilla/5.0 (X11; Linux x86_64; rv:46.0) Gecko/20100101 Firefox/46.0"
::1 - - [17/Jun/2016:02:45:15 +0000] "GET /about.html HTTP/1.1" 404 23 "http://localhost:5455/" "Mozilla/5.0 (X11; Linux x86_64; rv:46.0) Gecko/20100101 Firefox/46.0"
::1 - - [17/Jun/2016:02:45:18 +0000] "GET /students.html HTTP/1.1" 404 26 "http://localhost:5455/" "Mozilla/5.0 (X11; Linux x86_64; rv:46.0) Gecko/20100101 Firefox/46.0"
