0 info it worked if it ends with ok
1 verbose cli [ '/usr/bin/node', '/usr/bin/npm', 'run', 'watch-css' ]
2 info using npm@3.9.3
3 info using node@v6.2.0
4 verbose run-script [ 'prewatch-css', 'watch-css', 'postwatch-css' ]
5 info lifecycle oceanlab@1.0.0~prewatch-css: oceanlab@1.0.0
6 silly lifecycle oceanlab@1.0.0~prewatch-css: no script for prewatch-css, continuing
7 info lifecycle oceanlab@1.0.0~watch-css: oceanlab@1.0.0
8 verbose lifecycle oceanlab@1.0.0~watch-css: unsafe-perm in lifecycle true
9 verbose lifecycle oceanlab@1.0.0~watch-css: PATH: /usr/lib/node_modules/npm/bin/node-gyp-bin:/home/evan/workspace/oceanlab/node_modules/.bin:/usr/bin:/usr/lib/node_modules/npm/bin/node-gyp-bin:/home/evan/workspace/oceanlab/node_modules/.bin:/usr/bin:/home/evan/.gem/ruby/2.3.0/bin:/home/evan/.gem/ruby/2.3.0/bin:/usr/local/sbin:/usr/local/bin:/usr/bin:/usr/lib/jvm/default/bin:/usr/bin/site_perl:/usr/bin/vendor_perl:/usr/bin/core_perl:/home/evan/bin
10 verbose lifecycle oceanlab@1.0.0~watch-css: CWD: /home/evan/workspace/oceanlab
11 silly lifecycle oceanlab@1.0.0~watch-css: Args: [ '-c', 'stylus dist/stylesheets/index.styl -o static/css -w' ]
12 silly lifecycle oceanlab@1.0.0~watch-css: Returned: code: 1  signal: null
13 info lifecycle oceanlab@1.0.0~watch-css: Failed to exec watch-css script
14 verbose stack Error: oceanlab@1.0.0 watch-css: `stylus dist/stylesheets/index.styl -o static/css -w`
14 verbose stack Exit status 1
14 verbose stack     at EventEmitter.<anonymous> (/usr/lib/node_modules/npm/lib/utils/lifecycle.js:245:16)
14 verbose stack     at emitTwo (events.js:106:13)
14 verbose stack     at EventEmitter.emit (events.js:191:7)
14 verbose stack     at ChildProcess.<anonymous> (/usr/lib/node_modules/npm/lib/utils/spawn.js:24:14)
14 verbose stack     at emitTwo (events.js:106:13)
14 verbose stack     at ChildProcess.emit (events.js:191:7)
14 verbose stack     at maybeClose (internal/child_process.js:850:16)
14 verbose stack     at Process.ChildProcess._handle.onexit (internal/child_process.js:215:5)
15 verbose pkgid oceanlab@1.0.0
16 verbose cwd /home/evan/workspace/oceanlab
17 error Linux 4.2.5-1-ARCH
18 error argv "/usr/bin/node" "/usr/bin/npm" "run" "watch-css"
19 error node v6.2.0
20 error npm  v3.9.3
21 error code ELIFECYCLE
22 error oceanlab@1.0.0 watch-css: `stylus dist/stylesheets/index.styl -o static/css -w`
22 error Exit status 1
23 error Failed at the oceanlab@1.0.0 watch-css script 'stylus dist/stylesheets/index.styl -o static/css -w'.
23 error Make sure you have the latest version of node.js and npm installed.
23 error If you do, this is most likely a problem with the oceanlab package,
23 error not with npm itself.
23 error Tell the author that this fails on your system:
23 error     stylus dist/stylesheets/index.styl -o static/css -w
23 error You can get information on how to open an issue for this project with:
23 error     npm bugs oceanlab
23 error Or if that isn't available, you can get their info via:
23 error     npm owner ls oceanlab
23 error There is likely additional logging output above.
24 verbose exit [ 1, true ]
